2022-08-09 22:08:08,945 DEBUG m.j.c.s.r.c.Main [main] Some debug log
2022-08-09 22:08:08,959 INFO m.j.c.s.r.c.Main [main] Person1: [John Gold]
2022-08-09 22:08:08,967 INFO m.j.c.s.r.c.Main [main] Car2: [Tesla Model X(2020), owned by [James Miller]]
2022-08-09 22:08:08,976 WARN m.j.c.s.r.c.Main [main] Warning accrued at 2022-08-09T22:08:08.974360800
2022-08-09 22:08:08,977 ERROR m.j.c.s.r.c.Main [main] Error accrued at 2022-08-09T22:08:08.977362200
2022-08-09 22:08:08,982 FATAL m.j.c.s.r.c.Main [main] Serious problem with car [Tesla Model S(2020), owned by [John Gold]] accrued at 2022-08-09T22:08:08.978361900
2022-08-10 11:31:43,126 DEBUG m.j.c.s.r.c.Main [main] Some debug log
2022-08-10 11:31:43,142 INFO m.j.c.s.r.c.Main [main] Person1: [John Gold]
2022-08-10 11:31:43,151 INFO m.j.c.s.r.c.Main [main] Car2: [Tesla Model X(2020), owned by [James Miller]]
2022-08-10 11:31:43,164 WARN m.j.c.s.r.c.Main [main] Warning accrued at 2022-08-10T11:31:43.162895400
2022-08-10 11:31:43,165 ERROR m.j.c.s.r.c.Main [main] Error accrued at 2022-08-10T11:31:43.165893300
2022-08-10 11:31:43,169 FATAL m.j.c.s.r.c.Main [main] Serious problem with car [Tesla Model S(2020), owned by [John Gold]] accrued at 2022-08-10T11:31:43.165893300
2022-08-10 14:53:04,006 DEBUG m.j.c.s.r.c.Main [main] Some debug log
2022-08-10 14:53:04,022 INFO m.j.c.s.r.c.Main [main] Person1: [John Gold]
2022-08-10 14:53:04,031 INFO m.j.c.s.r.c.Main [main] Car2: [Tesla Model X(2020), owned by [James Miller]]
2022-08-10 14:53:04,041 WARN m.j.c.s.r.c.Main [main] Warning accrued at 2022-08-10T14:53:04.039667
2022-08-10 14:53:04,042 ERROR m.j.c.s.r.c.Main [main] Error accrued at 2022-08-10T14:53:04.042666200
2022-08-10 14:53:04,046 FATAL m.j.c.s.r.c.Main [main] Serious problem with car [Tesla Model S(2020), owned by [John Gold]] accrued at 2022-08-10T14:53:04.042666200
2022-08-10 14:53:43,983 DEBUG m.j.c.s.r.c.Main [main] Some debug log
2022-08-10 14:53:43,998 INFO m.j.c.s.r.c.Main [main] Person1: [John Gold]
2022-08-10 14:53:44,009 INFO m.j.c.s.r.c.Main [main] Car2: [Tesla Model X(2020), owned by [James Miller]]
2022-08-10 14:53:44,019 WARN m.j.c.s.r.c.Main [main] Warning accrued at 2022-08-10T14:53:44.017390100
2022-08-10 14:53:44,020 ERROR m.j.c.s.r.c.Main [main] Error accrued at 2022-08-10T14:53:44.019389200
2022-08-10 14:53:44,024 FATAL m.j.c.s.r.c.Main [main] Serious problem with car [Tesla Model S(2020), owned by [John Gold]] accrued at 2022-08-10T14:53:44.020390
2022-08-10 14:54:00,797 DEBUG m.j.c.s.r.c.Main [main] Some debug log
2022-08-10 14:54:00,810 INFO m.j.c.s.r.c.Main [main] Person1: [John Gold]
2022-08-10 14:54:00,819 INFO m.j.c.s.r.c.Main [main] Car2: [Tesla Model X(2020), owned by [James Miller]]
2022-08-10 14:54:00,828 WARN m.j.c.s.r.c.Main [main] Warning accrued at 2022-08-10T14:54:00.826889800
2022-08-10 14:54:00,829 ERROR m.j.c.s.r.c.Main [main] Error accrued at 2022-08-10T14:54:00.829889200
2022-08-10 14:54:00,833 FATAL m.j.c.s.r.c.Main [main] Serious problem with car [Tesla Model S(2020), owned by [John Gold]] accrued at 2022-08-10T14:54:00.829889200
2022-08-10 15:00:45,736 DEBUG m.j.c.s.r.c.Main [main] Some debug log
2022-08-10 15:00:45,749 INFO m.j.c.s.r.c.Main [main] Person1: [John Gold]
2022-08-10 15:00:45,758 INFO m.j.c.s.r.c.Main [main] Car2: [Tesla Model X(2020), owned by [James Miller]]
2022-08-10 15:00:45,766 WARN m.j.c.s.r.c.Main [main] Warning accrued at 2022-08-10T15:00:45.765176800
2022-08-10 15:00:45,767 ERROR m.j.c.s.r.c.Main [main] Error accrued at 2022-08-10T15:00:45.766175100
2022-08-10 15:00:45,771 FATAL m.j.c.s.r.c.Main [main] Serious problem with car [Tesla Model S(2020), owned by [John Gold]] accrued at 2022-08-10T15:00:45.767178400
2022-08-15 12:54:32,345 DEBUG m.j.c.s.r.c.Main [main] Some debug log
2022-08-15 12:54:32,359 INFO m.j.c.s.r.c.Main [main] Person1: [John Gold]
2022-08-15 12:54:32,368 INFO m.j.c.s.r.c.Main [main] Car2: [Tesla Model X(2020), owned by [James Miller]]
2022-08-15 12:54:32,377 WARN m.j.c.s.r.c.Main [main] Warning accrued at 2022-08-15T12:54:32.375241200
2022-08-15 12:54:32,378 ERROR m.j.c.s.r.c.Main [main] Error accrued at 2022-08-15T12:54:32.378242100
2022-08-15 12:54:32,382 FATAL m.j.c.s.r.c.Main [main] Serious problem with car [Tesla Model S(2020), owned by [John Gold]] accrued at 2022-08-15T12:54:32.378242100
